[debug] [2021-01-15T05:50:54.389Z] ----------------------------------------------------------------------
[debug] [2021-01-15T05:50:54.396Z] Command:       /home/jihyun/.nvm/versions/node/v12.18.3/bin/node /home/jihyun/.nvm/versions/node/v12.18.3/bin/firebase init
[debug] [2021-01-15T05:50:54.396Z] CLI Version:   9.2.0
[debug] [2021-01-15T05:50:54.396Z] Platform:      linux
[debug] [2021-01-15T05:50:54.397Z] Node Version:  v12.18.3
[debug] [2021-01-15T05:50:54.397Z] Time:          Fri Jan 15 2021 14:50:54 GMT+0900 (GMT+09:00)
[debug] [2021-01-15T05:50:54.398Z] ----------------------------------------------------------------------
[debug] [2021-01-15T05:50:54.398Z] 
[debug] [2021-01-15T05:50:54.401Z] >>> [apiv2][query] GET https://firebase-public.firebaseio.com/cli.json [none]
[debug] [2021-01-15T05:50:54.442Z] > command requires scopes: ["email","openid","https://www.googleapis.com/auth/cloudplatformprojects.readonly","https://www.googleapis.com/auth/firebase","https://www.googleapis.com/auth/cloud-platform"]
[debug] [2021-01-15T05:50:54.443Z] > authorizing via signed-in user
[info] 
     ######## #### ########  ######## ########     ###     ######  ########
     ##        ##  ##     ## ##       ##     ##  ##   ##  ##       ##
     ######    ##  ########  ######   ########  #########  ######  ######
     ##        ##  ##    ##  ##       ##     ## ##     ##       ## ##
     ##       #### ##     ## ######## ########  ##     ##  ######  ########

You're about to initialize a Firebase project in this directory:

  /home/jihyun/codestates/project/forum_client/forum_project

Before we get started, keep in mind:

  * You are initializing in an existing Firebase project directory

[debug] [2021-01-15T05:50:55.028Z] <<< [apiv2][status] GET https://firebase-public.firebaseio.com/cli.json 200
[debug] [2021-01-15T05:50:55.028Z] <<< [apiv2][body] GET https://firebase-public.firebaseio.com/cli.json {"cloudBuildErrorAfter":1594252800000,"cloudBuildWarnAfter":1590019200000,"defaultNode10After":1594252800000,"minVersion":"3.0.5","node8DeploysDisabledAfter":1613390400000,"node8RuntimeDisabledAfter":1615809600000,"node8WarnAfter":1600128000000}
[info] 
=== Project Setup
[info] 
[info] First, let's associate this project directory with a Firebase project.
[info] You can create multiple project aliases by running firebase use --add, 
[info] but for now we'll just set up a default project.
[info] 
[info] i  .firebaserc already has a default project, using final-project-a418a. 
[debug] [2021-01-15T05:52:12.809Z] > refreshing access token with scopes: []
[debug] [2021-01-15T05:52:12.810Z] >>> HTTP REQUEST POST https://www.googleapis.com/oauth2/v3/token  
 <request body omitted>
[debug] [2021-01-15T05:52:13.053Z] <<< HTTP RESPONSE 200 {"pragma":"no-cache","date":"Fri, 15 Jan 2021 05:52:13 GMT","cache-control":"no-cache, no-store, max-age=0, must-revalidate","expires":"Mon, 01 Jan 1990 00:00:00 GMT","content-type":"application/json; charset=utf-8","vary":"X-Origin, Referer, Origin,Accept-Encoding","server":"scaffolding on HTTPServer2","x-xss-protection":"0","x-frame-options":"SAMEORIGIN","x-content-type-options":"nosniff","alt-svc":"h3-29=\":443\"; ma=2592000,h3-T051=\":443\"; ma=2592000,h3-Q050=\":443\"; ma=2592000,h3-Q046=\":443\"; ma=2592000,h3-Q043=\":443\"; ma=2592000,quic=\":443\"; ma=2592000; v=\"46,43\"","accept-ranges":"none","transfer-encoding":"chunked"}
[debug] [2021-01-15T05:52:13.065Z] >>> [apiv2][query] GET https://firebase.googleapis.com/v1beta1/projects/final-project-a418a [none]
[debug] [2021-01-15T05:52:13.780Z] <<< [apiv2][status] GET https://firebase.googleapis.com/v1beta1/projects/final-project-a418a 403
[debug] [2021-01-15T05:52:13.783Z] <<< [apiv2][body] GET https://firebase.googleapis.com/v1beta1/projects/final-project-a418a {"error":{"code":403,"message":"The caller does not have permission","status":"PERMISSION_DENIED"}}
[debug] [2021-01-15T05:52:13.783Z] HTTP Error: 403, The caller does not have permission
[debug] [2021-01-15T05:52:13.973Z] FirebaseError: HTTP Error: 403, The caller does not have permission
    at module.exports (/home/jihyun/.nvm/versions/node/v12.18.3/lib/node_modules/firebase-tools/lib/responseToError.js:38:12)
    at Client.doRequest (/home/jihyun/.nvm/versions/node/v12.18.3/lib/node_modules/firebase-tools/lib/apiv2.js:218:23)
    at processTicksAndRejections (internal/process/task_queues.js:97:5)
    at async Client.request (/home/jihyun/.nvm/versions/node/v12.18.3/lib/node_modules/firebase-tools/lib/apiv2.js:93:20)
    at async Object.getFirebaseProject (/home/jihyun/.nvm/versions/node/v12.18.3/lib/node_modules/firebase-tools/lib/management/projects.js:289:21)
    at async Object.doSetup [as project] (/home/jihyun/.nvm/versions/node/v12.18.3/lib/node_modules/firebase-tools/lib/init/features/project.js:77:27)
    at async init (/home/jihyun/.nvm/versions/node/v12.18.3/lib/node_modules/firebase-tools/lib/init/index.js:19:9)
[error] 
[error] Error: Failed to get Firebase project final-project-a418a. Please make sure the project exists and your account has permission to access it.
